74 jobs remaining
[1] FAIL redirect 42_kidney_etc.json::morocco-casablanca-women-and-india-chennai-women-show-bimoda (9587ms)
73 jobs remaining
[2] FAIL redirect 42_kidney_etc.json::women-heavy-registries (4751ms)
72 jobs remaining
[3] FAIL redirect 42_kidney_etc.json::ethnic-contrast-inside-usa-is-11-21-depending-on-volume (4475ms)
71 jobs remaining
[4] OK   42_kidney_etc.json::finding-2 (4472ms)
70 jobs remaining
[5] OK   42_kidney_etc.json::finding-3 (4551ms)
69 jobs remaining
[6] OK   45_bladder.json::zimbabwe-bulawayo-african-women-vol-ii-asr-34-14-8-3-the-wor (4614ms)
68 jobs remaining
[7] FAIL redirect 45_bladder.json::southern-italian-naples-cluster-in-vol-xii (4897ms)
67 jobs remaining
[8] OK   45_bladder.json::algeria-s-tif-women-inverted-u (4240ms)
66 jobs remaining
[9] OK   45_bladder.json::japan-miyagi-and-osaka-men-u-shape-recovery (4300ms)
65 jobs remaining
[10] OK   45_bladder.json::india-trivandrum-men-17-63-vol-vii-1-94-vol-viii-4-94-vol-xi (4076ms)
64 jobs remaining
[11] OK   45_bladder.json::italy-ragusa-vol-v-m-f-ratio-24-1 (4246ms)
63 jobs remaining
[12] OK   45_bladder.json::kidney-code-42-and-bladder-both-show-a-miyagi-osaka-la-filip (4210ms)
62 jobs remaining
[13] FAIL redirect 45_bladder.json::usa-ethnic-contrast-persistent-at-14 (4194ms)
61 jobs remaining
[14] OK   45_bladder.json::cancer-warning (4786ms)
60 jobs remaining
[15] OK   45_bladder.json::finding (4324ms)
59 jobs remaining
[16] FAIL redirect 45_bladder.json::schistosomiasis-bladder-cancer-geography (4195ms)
58 jobs remaining
[17] FAIL redirect 47_eye.json::malawi-blantyre-women-vol-x-asr-9-81-20-the-world-median (4445ms)
57 jobs remaining
[18] FAIL redirect 47_eye.json::zimbabwe-harare-african-women-inverted-u (4392ms)
56 jobs remaining
[19] OK   47_eye.json::germany-saarland-women-1200 (4188ms)
55 jobs remaining
[20] FAIL redirect 47_eye.json::japanese-korean-women-early-age-peak-at-band-1-0-4 (4093ms)
54 jobs remaining
[21] FAIL redirect 47_eye.json::extraordinary-sex-ratios (4445ms)
53 jobs remaining
[22] FAIL redirect 47_eye.json::the-hiv-ossn-signal-in-malawi-zimbabwe-is-the-most-publishab (4557ms)
52 jobs remaining
[23] OK   48_brain_and_central_nervous_system.json::israel-jews-born-in-africa-asia-women-vol-v-asr-16-58-4-1-th (4244ms)
51 jobs remaining
[24] OK   48_brain_and_central_nervous_system.json::inverted-u-in-israel-jewish-women (4098ms)
50 jobs remaining
[25] OK   48_brain_and_central_nervous_system.json::india-trivandrum-men-u-shape-11-62-2-44-2-85 (4273ms)
49 jobs remaining
[26] FAIL nav:page.goto: Target page, context or browser has been closed 48_brain_and_central_nervous_system.json::multiple-registries-show-a-vol-vi-peak-and-decline-pattern (1ms)
48 jobs remaining
[27] FAIL nav:page.goto: Target page, context or browser has been closed 48_brain_and_central_nervous_system.json::rising-african-rates-algeria-s-tif-931-women-1375-men-uganda (1ms)
47 jobs remaining
[28] FAIL nav:page.goto: Target page, context or browser has been closed 48_brain_and_central_nervous_system.json::sex-ratio-extremes (1ms)
46 jobs remaining
[29] FAIL nav:page.goto: Target page, context or browser has been closed 48_brain_and_central_nervous_system.json::bimodal-age-curves-in-large-us-belarus-and-croatia-samples (1ms)
45 jobs remaining
[30] FAIL nav:page.goto: Target page, context or browser has been closed 48_brain_and_central_nervous_system.json::peak-age-1-in-israel-jews-born-in-africa-asia-women (1ms)
44 jobs remaining
[31] FAIL nav:page.goto: Target page, context or browser has been closed 48_brain_and_central_nervous_system.json::finding-2 (0ms)
43 jobs remaining
[32] FAIL nav:page.goto: Target page, context or browser has been closed 48_brain_and_central_nervous_system.json::israel-jews-from-africa-asia-women (1ms)
42 jobs remaining
[33] FAIL nav:page.goto: Target page, context or browser has been closed 49_thyroid.json::south-korea-daegu-women-vol-xi-asr-119-7-gwangju-108-8-daeje (1ms)
41 jobs remaining
[34] FAIL nav:page.goto: Target page, context or browser has been closed 49_thyroid.json::chinese-cities-are-rising-fast-not-yet-past-peak (1ms)
40 jobs remaining
[35] FAIL nav:page.goto: Target page, context or browser has been closed 49_thyroid.json::italy-latina-women-1-55-31-83-peak-29-66 (1ms)
39 jobs remaining
[36] FAIL nav:page.goto: Target page, context or browser has been closed 49_thyroid.json::early-peak-age-band-6-7-25-35-yrs-in-many-populations-with-h (0ms)
38 jobs remaining
[37] FAIL nav:page.goto: Target page, context or browser has been closed 49_thyroid.json::hawaii-chinese-women-vol-ii-asr-22-86-7-6-the-world-median-o (1ms)
37 jobs remaining
[38] FAIL nav:page.goto: Target page, context or browser has been closed 49_thyroid.json::bimodal-age-curves-in-several-western-registries (0ms)
36 jobs remaining
[39] FAIL nav:page.goto: Target page, context or browser has been closed 49_thyroid.json::the-korean-national-screening-program-s-rise-and-fall-is-the (0ms)
35 jobs remaining
[40] FAIL nav:page.goto: Target page, context or browser has been closed 51_other_endocrine.json::sweden-women-vol-vi-asr-6-56-20-the-world-median (1ms)
34 jobs remaining
[41] FAIL nav:page.goto: Target page, context or browser has been closed 51_other_endocrine.json::italy-trieste-women-vol-vii-asr-3-13-8-median (1ms)
33 jobs remaining
[42] FAIL nav:page.goto: Target page, context or browser has been closed 51_other_endocrine.json::rising-trends-from-very-low-baselines (1ms)
32 jobs remaining
[43] FAIL nav:page.goto: Target page, context or browser has been closed 51_other_endocrine.json::ethnic-sex-ratio-extremes-are-small-number-noise (0ms)
31 jobs remaining
[44] FAIL nav:page.goto: Target page, context or browser has been closed 51_other_endocrine.json::finding (0ms)
30 jobs remaining
[45] FAIL nav:page.goto: Target page, context or browser has been closed 51_other_endocrine.json::sweden-s-1970s-c74-75-spike (0ms)
29 jobs remaining
[46] FAIL nav:page.goto: Target page, context or browser has been closed 52_hodgkin_disease.json::canada-nwt-yukon-women-vol-iv-asr-8-0-4-the-world-median (1ms)
28 jobs remaining
[47] FAIL nav:page.goto: Target page, context or browser has been closed 52_hodgkin_disease.json::us-nebraska-black-women-vol-xii-asr-5-79-3-5-median (1ms)
27 jobs remaining
[48] FAIL nav:page.goto: Target page, context or browser has been closed 52_hodgkin_disease.json::italian-provinces-ferrara-benevento-caserta-and-israel-jews- (1ms)
26 jobs remaining
[49] FAIL nav:page.goto: Target page, context or browser has been closed 52_hodgkin_disease.json::italy-latina-men-273-france-doubs-321 (1ms)
25 jobs remaining
[50] FAIL nav:page.goto: Target page, context or browser has been closed 52_hodgkin_disease.json::early-peak-at-age-band-4-15-19-in-russia-st-petersburg-us-de (1ms)
24 jobs remaining
[51] FAIL nav:page.goto: Target page, context or browser has been closed 52_hodgkin_disease.json::sex-ratio-extremes (1ms)
23 jobs remaining
[52] FAIL nav:page.goto: Target page, context or browser has been closed 52_hodgkin_disease.json::singapore-malay-women-704-0-24-1-93 (1ms)
22 jobs remaining
[53] FAIL nav:page.goto: Target page, context or browser has been closed 53_non_hodgkin_lymphoma.json::zimbabwe-harare-african-men-inverted-u-4-36-16-07-vol-xi-13- (1ms)
21 jobs remaining
[54] FAIL nav:page.goto: Target page, context or browser has been closed 53_non_hodgkin_lymphoma.json::israel-jews-born-in-israel-women-vol-vii-21-04-3-3-median (1ms)
20 jobs remaining
[55] FAIL nav:page.goto: Target page, context or browser has been closed 53_non_hodgkin_lymphoma.json::india-trivandrum-women-vol-vii-19-14 (1ms)
19 jobs remaining
[56] FAIL nav:page.goto: Target page, context or browser has been closed 53_non_hodgkin_lymphoma.json::nordic-catch-ups-finland-women-354-iceland-women-356-canada- (1ms)
18 jobs remaining
[57] FAIL nav:page.goto: Target page, context or browser has been closed 53_non_hodgkin_lymphoma.json::bimodal-age-curves-in-african-registries (2ms)
17 jobs remaining
[58] FAIL nav:page.goto: Target page, context or browser has been closed 53_non_hodgkin_lymphoma.json::malawi-blantyre-men-vol-x-asr-42-4-at-age-band-2 (1ms)
16 jobs remaining
[59] FAIL nav:page.goto: Target page, context or browser has been closed 53_non_hodgkin_lymphoma.json::israel-jews-born-in-africa-asia-men-age-band-1-peak-at-40-7 (1ms)
15 jobs remaining
[60] FAIL nav:page.goto: Target page, context or browser has been closed 53_non_hodgkin_lymphoma.json::malta-men-464-singapore-chinese-men-626-canadian-new-brunswi (1ms)
14 jobs remaining
[61] FAIL nav:page.goto: Target page, context or browser has been closed 53_non_hodgkin_lymphoma.json::the-zimbabwe-harare-inverted-u-is-the-clearest-hiv-aids-canc (1ms)
13 jobs remaining
[62] FAIL nav:page.goto: Target page, context or browser has been closed 53_non_hodgkin_lymphoma.json::finding-4 (1ms)
12 jobs remaining
[63] FAIL nav:page.goto: Target page, context or browser has been closed 55_multiple_myeloma.json::usa-san-francisco-bay-black-men-vol-iii-asr-11-64-5-the-worl (1ms)
11 jobs remaining
[64] FAIL nav:page.goto: Target page, context or browser has been closed 55_multiple_myeloma.json::usa-ethnic-contrast-inside-the-same-country-reaches-26-in-vo (0ms)
10 jobs remaining
[65] FAIL nav:page.goto: Target page, context or browser has been closed 55_multiple_myeloma.json::new-zealand-pacific-peoples-women-inverted-u-2-10-8-90-vol-x (1ms)
9 jobs remaining
[66] FAIL nav:page.goto: Target page, context or browser has been closed 55_multiple_myeloma.json::the-universal-rise-is-the-cleanest-haematological-trend-in-c (1ms)
8 jobs remaining
[67] FAIL nav:page.goto: Target page, context or browser has been closed 55_multiple_myeloma.json::uganda-kyadondo-men-0-66-2-72-u-shape (1ms)
7 jobs remaining
[68] FAIL nav:page.goto: Target page, context or browser has been closed 56_leukaemia.json::zimbabwe-bulawayo-african-women-vol-ii-asr-42-52 (1ms)
6 jobs remaining
[69] FAIL nav:page.goto: Target page, context or browser has been closed 56_leukaemia.json::usa-hawaiian-hawaiian-men-vol-i-asr-22-99 (1ms)
5 jobs remaining
[70] FAIL nav:page.goto: Target page, context or browser has been closed 56_leukaemia.json::india-trivandrum-men-the-by-now-familiar-u-shape (1ms)
4 jobs remaining
[71] FAIL nav:page.goto: Target page, context or browser has been closed 56_leukaemia.json::kuwait-non-kuwaitis-women-vol-ix-early-peak-at-age-band-1-0- (1ms)
3 jobs remaining
[72] FAIL nav:page.goto: Target page, context or browser has been closed 56_leukaemia.json::bimodal-age-curves-in-india-tamil-nadu-korea-hong-kong-chine (0ms)
2 jobs remaining
[73] FAIL nav:page.goto: Target page, context or browser has been closed 56_leukaemia.json::france-calvados-men-u-shape-recovery (1ms)
1 jobs remaining
[74] FAIL nav:page.goto: Target page, context or browser has been closed 56_leukaemia.json::finding-5 (1ms)
all done
