----- 1 -----
trend rows: 592
        shape     N
       <char> <int>
1: inverted-U    71
2:     rising    47
3:          U   178
4:    falling    55
5:       flat   155
6:    erratic    86
top spatial outlier: Singapore: Indian sex=2 vol=3 asr=37.5 (8.8x median)
age-curve flags: 2
output: C:/project/CI5 sherlock/reports/_scratch/01_Lip_oral_cavity
----- 10 -----
trend rows: 592
        shape     N
       <char> <int>
1:          U   158
2:    erratic   114
3: inverted-U    82
4:    falling   104
5:       flat   115
6:     rising    19
top spatial outlier: China, Cixian County sex=2 vol=8 asr=123.1 (96.6x median)
age-curve flags: 0
output: C:/project/CI5 sherlock/reports/_scratch/10_Oesophagus
----- 11 -----
trend rows: 592
        shape     N
       <char> <int>
1:    erratic    78
2:          U   107
3: inverted-U    68
4:    falling   225
5:     rising     2
6:       flat   112
top spatial outlier: China, Yangcheng County sex=1 vol=10 asr=168.9 (18.7x median)
age-curve flags: 0
output: C:/project/CI5 sherlock/reports/_scratch/11_Stomach
----- 12 -----
trend rows: 592
        shape     N
       <char> <int>
1: inverted-U    84
2:          U   244
3:    erratic    85
4:     rising   157
5:       flat    21
6:    falling     1
top spatial outlier: China, Xiangfu District, Kaifeng City sex=1 vol=12 asr=10.5 (8.7x median)
age-curve flags: 0
output: C:/project/CI5 sherlock/reports/_scratch/12_Small_intestine
----- 13 -----
trend rows: 592
        shape     N
       <char> <int>
1:          U    96
2:     rising    62
3:    erratic   115
4: inverted-U    99
5:       flat   107
6:    falling   113
top spatial outlier: (none passed threshold)
age-curve flags: 2
output: C:/project/CI5 sherlock/reports/_scratch/13_Colon
----- 14 -----
trend rows: 592
        shape     N
       <char> <int>
1:    erratic   132
2:          U    97
3: inverted-U    92
4:       flat   204
5:    falling    30
6:     rising    37
top spatial outlier: USA, Alaska: Alaska Natives sex=2 vol=12 asr=23.2 (3.1x median)
age-curve flags: 0
output: C:/project/CI5 sherlock/reports/_scratch/14_Rectum
----- 16 -----
trend rows: 592
        shape     N
       <char> <int>
1:          U   174
2: inverted-U    95
3:    erratic    83
4:       flat    42
5:     rising   172
6:    falling    26
top spatial outlier: Mozambique,  Lourenco Marques sex=1 vol=1 asr=101.3 (34.6x median)
age-curve flags: 3
output: C:/project/CI5 sherlock/reports/_scratch/16_Liver
----- 17 -----
trend rows: 592
        shape     N
       <char> <int>
1: inverted-U   108
2:     rising    44
3:          U   185
4:    erratic    99
5:    falling    37
6:       flat   119
top spatial outlier: Chile, Valdivia sex=2 vol=9 asr=27.2 (14.9x median)
age-curve flags: 0
output: C:/project/CI5 sherlock/reports/_scratch/17_Gallbladder_etc_
----- 18 -----
trend rows: 592
        shape     N
       <char> <int>
1:          U   160
2: inverted-U    54
3:    erratic   104
4:     rising    77
5:    falling     8
6:       flat   189
top spatial outlier: USA, Hawaii: Hawaiian sex=2 vol=2 asr=18.7 (3.4x median)
age-curve flags: 0
output: C:/project/CI5 sherlock/reports/_scratch/18_Pancreas
----- 19 -----
trend rows: 592
        shape     N
       <char> <int>
1:          U   283
2: inverted-U   114
3:    erratic    86
4:     rising    17
5:       flat    76
6:    falling    16
top spatial outlier: Australia, Northern Territory: Indigenous sex=2 vol=10 asr=3.3 (10.6x median)
age-curve flags: 0
output: C:/project/CI5 sherlock/reports/_scratch/19_Nose_sinuses_etc_
----- 20 -----
trend rows: 592
        shape     N
       <char> <int>
1: inverted-U   159
2:          U   133
3:    erratic    77
4:    falling   167
5:     rising     9
6:       flat    47
top spatial outlier: Australia, Northern Territory: Indigenous sex=2 vol=12 asr=5.2 (11.3x median)
age-curve flags: 0
output: C:/project/CI5 sherlock/reports/_scratch/20_Larynx
----- 21 -----
trend rows: 592
        shape     N
       <char> <int>
1: inverted-U   122
2:     rising    93
3:          U    69
4:       flat   120
5:    erratic    63
6:    falling   125
top spatial outlier: New Zealand: Maori sex=2 vol=2 asr=47.9 (6.0x median)
age-curve flags: 0
output: C:/project/CI5 sherlock/reports/_scratch/21_Lung
----- 23 -----
trend rows: 592
        shape     N
       <char> <int>
1:     rising    18
2:          U   270
3: inverted-U    99
4:    erratic    94
5:       flat   102
6:    falling     9
top spatial outlier: Israel: Jews born in Africa or Asia sex=2 vol=5 asr=6.5 (8.8x median)
age-curve flags: 1009
output: C:/project/CI5 sherlock/reports/_scratch/23_Bone
----- 24 -----
trend rows: 592
        shape     N
       <char> <int>
1:          U   135
2: inverted-U   116
3:    erratic    85
4:     rising   204
5:       flat    45
6:    falling     7
top spatial outlier: Australia, Queensland sex=1 vol=12 asr=68.3 (38.0x median)
age-curve flags: 58
output: C:/project/CI5 sherlock/reports/_scratch/24_Melanoma_of_skin
----- 29 -----
trend rows: 592
        shape     N
       <char> <int>
1:          U   106
2:     rising    88
3:    erratic   125
4: inverted-U   131
5:       flat   137
6:    falling     5
top spatial outlier: Israel: Jews born in Israel sex=1 vol=7 asr=3.8 (7.4x median)
age-curve flags: 3
output: C:/project/CI5 sherlock/reports/_scratch/29_Female_breast
----- 34 -----
trend rows: 592
        shape     N
       <char> <int>
1:     rising   325
2:          U   122
3: inverted-U    81
4:    erratic    42
5:    falling    14
6:       flat     8
top spatial outlier: Qatar: Qatari sex=2 vol=11 asr=10.4 (21.2x median)
age-curve flags: 2
output: C:/project/CI5 sherlock/reports/_scratch/34_Uterus_NOS
----- 32 -----
trend rows: 592
        shape     N
       <char> <int>
1:     rising   304
2: inverted-U    26
3:          U    75
4:    falling    94
5:    erratic    40
6:       flat    53
top spatial outlier: Zimbabwe, Harare: African sex=2 vol=10 asr=86.7 (13.2x median)
age-curve flags: 416
output: C:/project/CI5 sherlock/reports/_scratch/32_Cervix_uteri
----- 37 -----
trend rows: 592
        shape     N
       <char> <int>
1:     rising   314
2:    erratic    31
3:          U    86
4: inverted-U   136
5:    falling    18
6:       flat     7
top spatial outlier: USA, New Mexico: American Indian sex=2 vol=3 asr=8.7 (34.8x median)
age-curve flags: 99
output: C:/project/CI5 sherlock/reports/_scratch/37_Placenta
----- 33 -----
trend rows: 592
        shape     N
       <char> <int>
1:     rising   377
2:          U    92
3: inverted-U    20
4:    erratic    35
5:       flat    65
6:    falling     3
top spatial outlier: New Zealand: Pacific peoples sex=2 vol=12 asr=52.5 (4.5x median)
age-curve flags: 0
output: C:/project/CI5 sherlock/reports/_scratch/33_Corpus_uteri
----- 36 -----
trend rows: 592
        shape     N
       <char> <int>
1:     rising   312
2:    erratic    82
3:          U    32
4: inverted-U    34
5:    falling     9
6:       flat   123
top spatial outlier: (none passed threshold)
age-curve flags: 5
output: C:/project/CI5 sherlock/reports/_scratch/36_Other_female_genital
----- 39 -----
trend rows: 592
        shape     N
       <char> <int>
1:          U    84
2:     rising   341
3: inverted-U    90
4:       flat     9
5:    erratic    25
6:    falling    43
top spatial outlier: USA, Michigan, Detroit: Black sex=1 vol=8 asr=202.0 (4.8x median)
age-curve flags: 0
output: C:/project/CI5 sherlock/reports/_scratch/39_Prostate
----- 40 -----
=== Testis (code 40) ===
trend rows: 592
        shape     N
       <char> <int>
1:          U    79
2:     rising   369
3:    erratic    50
4: inverted-U    39
5:       flat    55
top spatial outlier: Chile, Valdivia sex=1 vol=12 asr=15.5 (6.4x median)
age-curve flags: 1613
output: C:/project/CI5 sherlock/reports/_scratch/40_Testis
----- 38 -----
trend rows: 592
        shape     N
       <char> <int>
1:     rising   308
2:          U   129
3: inverted-U    59
4:    erratic    48
5:       flat    39
6:    falling     9
top spatial outlier: Brazil, Recife sex=1 vol=5 asr=7.9 (11.2x median)
age-curve flags: 0
output: C:/project/CI5 sherlock/reports/_scratch/38_Penis
----- 41 -----
trend rows: 592
        shape     N
       <char> <int>
1:    falling     4
2:     rising   317
3: inverted-U   124
4:          U    85
5:    erratic    42
6:       flat    20
top spatial outlier: USA, California, Los Angeles County: Korean sex=1 vol=5 asr=3.3 (19.6x median)
age-curve flags: 0
output: C:/project/CI5 sherlock/reports/_scratch/41_Other_male_genital
----- 45 -----
trend rows: 592
        shape     N
       <char> <int>
1:          U   140
2: inverted-U   115
3:    erratic   108
4:       flat   170
5:    falling    20
6:     rising    39
top spatial outlier: Zimbabwe, Bulawayo: African sex=2 vol=2 asr=34.1 (8.3x median)
age-curve flags: 0
output: C:/project/CI5 sherlock/reports/_scratch/45_Bladder
----- 42 -----
trend rows: 592
        shape     N
       <char> <int>
1: inverted-U    60
2:          U   156
3:    erratic   100
4:     rising   226
5:       flat    49
6:    falling     1
top spatial outlier: Canada, Northwest Territories and Yukon sex=2 vol=4 asr=23.8 (5.6x median)
age-curve flags: 2
output: C:/project/CI5 sherlock/reports/_scratch/42_Kidney_etc_
----- 47 -----
trend rows: 592
        shape     N
       <char> <int>
1:          U   250
2: inverted-U   140
3:    erratic   110
4:    falling    10
5:     rising    20
6:       flat    62
top spatial outlier: Malawi, Blantyre sex=2 vol=10 asr=9.8 (20.4x median)
age-curve flags: 223
output: C:/project/CI5 sherlock/reports/_scratch/47_Eye
----- 48 -----
trend rows: 592
        shape     N
       <char> <int>
1:     rising    18
2:          U   137
3: inverted-U    90
4:       flat   222
5:    erratic   117
6:    falling     8
top spatial outlier: Israel: Jews born in Africa or Asia sex=2 vol=5 asr=16.6 (4.1x median)
age-curve flags: 51
output: C:/project/CI5 sherlock/reports/_scratch/48_Brain_Nervous_system
----- 49 -----
=== Thyroid (code 49) ===
trend rows: 592
        shape     N
       <char> <int>
1:          U   218
2: inverted-U    74
3:    erratic    62
4:     rising   229
5:       flat     9
top spatial outlier: Republic of Korea, Daegu sex=2 vol=11 asr=119.7 (10.4x median)
age-curve flags: 393
output: C:/project/CI5 sherlock/reports/_scratch/49_Thyroid
----- 51 -----
trend rows: 592
        shape     N
       <char> <int>
1: inverted-U   153
2:     rising    35
3:          U   267
4:    erratic    77
5:       flat    49
6:    falling    11
top spatial outlier: Sweden sex=2 vol=6 asr=6.6 (20.2x median)
age-curve flags: 810
output: C:/project/CI5 sherlock/reports/_scratch/51_Other_endocrine
----- 52 -----
trend rows: 592
        shape     N
       <char> <int>
1:          U   232
2:    erratic   114
3: inverted-U    64
4:       flat   134
5:    falling    13
6:     rising    35
top spatial outlier: Canada, Northwest Territories and Yukon sex=2 vol=4 asr=8.0 (4.0x median)
age-curve flags: 2217
output: C:/project/CI5 sherlock/reports/_scratch/52_Hodgkin_disease
----- 53 -----
trend rows: 592
        shape     N
       <char> <int>
1:    erratic   110
2: inverted-U   112
3:          U   127
4:       flat   162
5:     rising    74
6:    falling     7
top spatial outlier: Israel: Jews born in Israel sex=2 vol=7 asr=21.0 (3.3x median)
age-curve flags: 7
output: C:/project/CI5 sherlock/reports/_scratch/53_Non_Hodgkin_lymphoma
----- 55 -----
=== Multiple myeloma (code 55) ===
trend rows: 592
        shape     N
       <char> <int>
1:    erratic   109
2:     rising   183
3:          U   193
4: inverted-U    85
5:       flat    22
top spatial outlier: USA, California, San Francisco Bay Area: Black sex=1 vol=3 asr=11.6 (5.0x median)
age-curve flags: 0
output: C:/project/CI5 sherlock/reports/_scratch/55_Multiple_myeloma
----- 56 -----
trend rows: 592
        shape     N
       <char> <int>
1:    erratic   174
2:          U   152
3: inverted-U    53
4:       flat   120
5:     rising    87
6:    falling     6
top spatial outlier: Zimbabwe, Bulawayo: African sex=2 vol=2 asr=42.5 (7.9x median)
age-curve flags: 112
output: C:/project/CI5 sherlock/reports/_scratch/56_Leukaemia
